<?xml version="1.0" encoding="utf-8" standalone="no"?>
<test-run id="2" testcasecount="39" result="Passed" total="39" passed="39" failed="0" inconclusive="0" skipped="0" asserts="63" engine-version="3.8.0.0" clr-version="4.0.30319.42000" start-time="2024-01-08 10:58:45Z" end-time="2024-01-08 11:01:00Z" duration="134.566621">
  <command-line><![CDATA[/Users/dginty/genesys_src/repos/platform-client-sdk-common/resources/sdk/pureclouddotnet/bin/nunit/nunit3-console.exe /Users/dginty/genesys_src/repos/platform-client-sdk-common/output/pureclouddotnet/build/bin/PureCloudPlatform.Client.Internal.V2.Tests.dll]]></command-line>
  <test-suite type="Assembly" id="0-1047" name="PureCloudPlatform.Client.Internal.V2.Tests.dll" fullname="/Users/dginty/genesys_src/repos/platform-client-sdk-common/output/pureclouddotnet/build/bin/PureCloudPlatform.Client.Internal.V2.Tests.dll" runstate="Runnable" testcasecount="39" result="Passed" start-time="2024-01-08 10:58:47Z" end-time="2024-01-08 11:01:00Z" duration="132.694135" total="39" passed="39" failed="0" warnings="0" inconclusive="0" skipped="0" asserts="63">
    <environment framework-version="3.10.1.0" clr-version="4.0.30319.42000" os-version="MacOSX 22.6.0.0" platform="Unix" cwd="/Users/dginty/genesys_src/repos/platform-client-sdk-common" machine-name="REM-VHN7NXV2GT" user="dginty" user-domain="REM-VHN7NXV2GT" culture="en-IE" uiculture="en-IE" os-architecture="x64" />
    <settings>
      <setting name="DisposeRunners" value="True" />
      <setting name="WorkDirectory" value="/Users/dginty/genesys_src/repos/platform-client-sdk-common" />
      <setting name="ImageRuntimeVersion" value="4.0.30319" />
      <setting name="ImageTargetFrameworkName" value=".NETFramework,Version=v4.7.1" />
      <setting name="ImageRequiresX86" value="False" />
      <setting name="ImageRequiresDefaultAppDomainAssemblyResolver" value="False" />
      <setting name="NumberOfTestWorkers" value="10" />
    </settings>
    <properties>
      <property name="_PID" value="35976" />
      <property name="_APPDOMAIN" value="domain-" />
    </properties>
    <test-suite type="TestSuite" id="0-1048" name="PureCloudPlatform" fullname="PureCloudPlatform" runstate="Runnable" testcasecount="39" result="Passed" start-time="2024-01-08 10:58:47Z" end-time="2024-01-08 11:01:00Z" duration="132.662511" total="39" passed="39" failed="0" warnings="0" inconclusive="0" skipped="0" asserts="63">
      <test-suite type="TestSuite" id="0-1049" name="Client" fullname="PureCloudPlatform.Client" runstate="Runnable" testcasecount="39" result="Passed" start-time="2024-01-08 10:58:47Z" end-time="2024-01-08 11:01:00Z" duration="132.659602" total="39" passed="39" failed="0" warnings="0" inconclusive="0" skipped="0" asserts="63">
        <test-suite type="TestSuite" id="0-1050" name="Internal" fullname="PureCloudPlatform.Client.Internal" runstate="Runnable" testcasecount="39" result="Passed" start-time="2024-01-08 10:58:47Z" end-time="2024-01-08 11:01:00Z" duration="132.659500" total="39" passed="39" failed="0" warnings="0" inconclusive="0" skipped="0" asserts="63">
          <test-suite type="TestSuite" id="0-1051" name="V2" fullname="PureCloudPlatform.Client.Internal.V2" runstate="Runnable" testcasecount="39" result="Passed" start-time="2024-01-08 10:58:47Z" end-time="2024-01-08 11:01:00Z" duration="132.659478" total="39" passed="39" failed="0" warnings="0" inconclusive="0" skipped="0" asserts="63">
            <test-suite type="TestSuite" id="0-1052" name="Tests" fullname="PureCloudPlatform.Client.Internal.V2.Tests" runstate="Runnable" testcasecount="39" result="Passed" start-time="2024-01-08 10:58:47Z" end-time="2024-01-08 11:01:00Z" duration="132.659122" total="39" passed="39" failed="0" warnings="0" inconclusive="0" skipped="0" asserts="63">
              <test-suite type="TestFixture" id="0-1026" name="ApiClientTests" fullname="PureCloudPlatform.Client.Internal.V2.Tests.ApiClientTests" classname="PureCloudPlatform.Client.Internal.V2.Tests.ApiClientTests" runstate="Runnable" testcasecount="12" result="Passed" start-time="2024-01-08 10:58:47Z" end-time="2024-01-08 11:00:50Z" duration="123.015672" total="12" passed="12" failed="0" warnings="0" inconclusive="0" skipped="0" asserts="24">
                <output><![CDATA[Value does not exist in enum using default val
]]></output>
                <test-case id="0-1033" name="InvokeAsyncTestWith_429" fullname="PureCloudPlatform.Client.Internal.V2.Tests.ApiClientTests.InvokeAsyncTestWith_429" methodname="InvokeAsyncTestWith_429" classname="PureCloudPlatform.Client.Internal.V2.Tests.ApiClientTests" runstate="Runnable" seed="935212659" result="Passed" start-time="2024-01-08 10:58:49Z" end-time="2024-01-08 10:58:54Z" duration="5.123333" asserts="2" />
                <test-case id="0-1034" name="InvokeAsyncTestWith_429_And_No_MaxRetryTime" fullname="PureCloudPlatform.Client.Internal.V2.Tests.ApiClientTests.InvokeAsyncTestWith_429_And_No_MaxRetryTime" methodname="InvokeAsyncTestWith_429_And_No_MaxRetryTime" classname="PureCloudPlatform.Client.Internal.V2.Tests.ApiClientTests" runstate="Runnable" seed="1420310536" result="Passed" start-time="2024-01-08 10:58:54Z" end-time="2024-01-08 10:58:54Z" duration="0.014987" asserts="2" />
                <test-case id="0-1035" name="InvokeAsyncTestWith_502" fullname="PureCloudPlatform.Client.Internal.V2.Tests.ApiClientTests.InvokeAsyncTestWith_502" methodname="InvokeAsyncTestWith_502" classname="PureCloudPlatform.Client.Internal.V2.Tests.ApiClientTests" runstate="Runnable" seed="569424083" result="Passed" start-time="2024-01-08 10:58:54Z" end-time="2024-01-08 10:59:07Z" duration="13.027744" asserts="2" />
                <test-case id="0-1036" name="InvokeAsyncTestWith_503" fullname="PureCloudPlatform.Client.Internal.V2.Tests.ApiClientTests.InvokeAsyncTestWith_503" methodname="InvokeAsyncTestWith_503" classname="PureCloudPlatform.Client.Internal.V2.Tests.ApiClientTests" runstate="Runnable" seed="882584201" result="Passed" start-time="2024-01-08 10:59:07Z" end-time="2024-01-08 10:59:47Z" duration="40.033903" asserts="2" />
                <test-case id="0-1037" name="InvokeAsyncTestWith_504" fullname="PureCloudPlatform.Client.Internal.V2.Tests.ApiClientTests.InvokeAsyncTestWith_504" methodname="InvokeAsyncTestWith_504" classname="PureCloudPlatform.Client.Internal.V2.Tests.ApiClientTests" runstate="Runnable" seed="65237964" result="Passed" start-time="2024-01-08 10:59:47Z" end-time="2024-01-08 10:59:49Z" duration="2.019373" asserts="2" />
                <test-case id="0-1038" name="InvokeAsyncTestWith_504_And_No_MaxRetryTime" fullname="PureCloudPlatform.Client.Internal.V2.Tests.ApiClientTests.InvokeAsyncTestWith_504_And_No_MaxRetryTime" methodname="InvokeAsyncTestWith_504_And_No_MaxRetryTime" classname="PureCloudPlatform.Client.Internal.V2.Tests.ApiClientTests" runstate="Runnable" seed="1295198763" result="Passed" start-time="2024-01-08 10:59:49Z" end-time="2024-01-08 10:59:49Z" duration="0.005448" asserts="2" />
                <test-case id="0-1027" name="InvokeTestWith_429" fullname="PureCloudPlatform.Client.Internal.V2.Tests.ApiClientTests.InvokeTestWith_429" methodname="InvokeTestWith_429" classname="PureCloudPlatform.Client.Internal.V2.Tests.ApiClientTests" runstate="Runnable" seed="678384281" result="Passed" start-time="2024-01-08 10:59:49Z" end-time="2024-01-08 10:59:55Z" duration="6.026119" asserts="2" />
                <test-case id="0-1028" name="InvokeTestWith_429_And_No_MaxRetryTime" fullname="PureCloudPlatform.Client.Internal.V2.Tests.ApiClientTests.InvokeTestWith_429_And_No_MaxRetryTime" methodname="InvokeTestWith_429_And_No_MaxRetryTime" classname="PureCloudPlatform.Client.Internal.V2.Tests.ApiClientTests" runstate="Runnable" seed="1269301255" result="Passed" start-time="2024-01-08 10:59:55Z" end-time="2024-01-08 10:59:55Z" duration="0.010644" asserts="2" />
                <test-case id="0-1029" name="InvokeTestWith_502" fullname="PureCloudPlatform.Client.Internal.V2.Tests.ApiClientTests.InvokeTestWith_502" methodname="InvokeTestWith_502" classname="PureCloudPlatform.Client.Internal.V2.Tests.ApiClientTests" runstate="Runnable" seed="1234643888" result="Passed" start-time="2024-01-08 10:59:55Z" end-time="2024-01-08 11:00:08Z" duration="13.025837" asserts="2" />
                <test-case id="0-1030" name="InvokeTestWith_503" fullname="PureCloudPlatform.Client.Internal.V2.Tests.ApiClientTests.InvokeTestWith_503" methodname="InvokeTestWith_503" classname="PureCloudPlatform.Client.Internal.V2.Tests.ApiClientTests" runstate="Runnable" seed="1544712050" result="Passed" start-time="2024-01-08 11:00:08Z" end-time="2024-01-08 11:00:48Z" duration="40.033055" asserts="2" />
                <test-case id="0-1031" name="InvokeTestWith_504" fullname="PureCloudPlatform.Client.Internal.V2.Tests.ApiClientTests.InvokeTestWith_504" methodname="InvokeTestWith_504" classname="PureCloudPlatform.Client.Internal.V2.Tests.ApiClientTests" runstate="Runnable" seed="2048746740" result="Passed" start-time="2024-01-08 11:00:48Z" end-time="2024-01-08 11:00:50Z" duration="2.018946" asserts="2" />
                <test-case id="0-1032" name="InvokeTestWith_504_No_MaxRetryTime" fullname="PureCloudPlatform.Client.Internal.V2.Tests.ApiClientTests.InvokeTestWith_504_No_MaxRetryTime" methodname="InvokeTestWith_504_No_MaxRetryTime" classname="PureCloudPlatform.Client.Internal.V2.Tests.ApiClientTests" runstate="Runnable" seed="1694901552" result="Passed" start-time="2024-01-08 11:00:50Z" end-time="2024-01-08 11:00:50Z" duration="0.004105" asserts="2" />
              </test-suite>
              <test-suite type="TestFixture" id="0-1039" name="SdkTests" fullname="PureCloudPlatform.Client.Internal.V2.Tests.SdkTests" classname="PureCloudPlatform.Client.Internal.V2.Tests.SdkTests" runstate="Runnable" testcasecount="7" result="Passed" start-time="2024-01-08 11:00:50Z" end-time="2024-01-08 11:01:00Z" duration="9.604020" total="7" passed="7" failed="0" warnings="0" inconclusive="0" skipped="0" asserts="19">
                <properties>
                  <property name="Timeout" value="70000" />
                </properties>
                <test-case id="0-1040" name="TraceBasicInformation" fullname="PureCloudPlatform.Client.Internal.V2.Tests.SdkTests.TraceBasicInformation" methodname="TraceBasicInformation" classname="PureCloudPlatform.Client.Internal.V2.Tests.SdkTests" runstate="Runnable" seed="709008934" result="Passed" start-time="2024-01-08 11:00:50Z" end-time="2024-01-08 11:00:50Z" duration="0.018213" asserts="6">
                  <properties>
                    <property name="Order" value="0" />
                  </properties>
                  <output><![CDATA[PURECLOUD_ENVIRONMENT=inindca.com
PURECLOUD_CLIENT_ID=03b5e96f-ee0c-4fb9-bf7d-d7707a944826
userEmail=6a3d3e4f-674f-467d-98e5-ba9f147dc008@inindca.com
]]></output>
                </test-case>
                <test-case id="0-1041" name="Authenticate" fullname="PureCloudPlatform.Client.Internal.V2.Tests.SdkTests.Authenticate" methodname="Authenticate" classname="PureCloudPlatform.Client.Internal.V2.Tests.SdkTests" runstate="Runnable" seed="710785046" result="Passed" start-time="2024-01-08 11:00:50Z" end-time="2024-01-08 11:00:51Z" duration="0.572392" asserts="1">
                  <properties>
                    <property name="Order" value="1" />
                  </properties>
                  <output><![CDATA[Value does not exist in enum using default val
]]></output>
                </test-case>
                <test-case id="0-1042" name="CreateUser" fullname="PureCloudPlatform.Client.Internal.V2.Tests.SdkTests.CreateUser" methodname="CreateUser" classname="PureCloudPlatform.Client.Internal.V2.Tests.SdkTests" runstate="Runnable" seed="743178650" result="Passed" start-time="2024-01-08 11:00:51Z" end-time="2024-01-08 11:00:52Z" duration="1.344140" asserts="2">
                  <properties>
                    <property name="Order" value="2" />
                  </properties>
                  <output><![CDATA[CorrelationId for PostUsersWithHttpInfo 5b2731b8-2d1c-491c-87f2-e18ff8e313a6
Version for PostUsersWithHttpInfo 1
Created user with ID b8018aaa-5771-4ab5-8da7-08c73a4b8f46
]]></output>
                </test-case>
                <test-case id="0-1043" name="UpdateUser" fullname="PureCloudPlatform.Client.Internal.V2.Tests.SdkTests.UpdateUser" methodname="UpdateUser" classname="PureCloudPlatform.Client.Internal.V2.Tests.SdkTests" runstate="Runnable" seed="459627118" result="Passed" start-time="2024-01-08 11:00:52Z" end-time="2024-01-08 11:00:52Z" duration="0.471183" asserts="4">
                  <properties>
                    <property name="Order" value="3" />
                  </properties>
                </test-case>
                <test-case id="0-1044" name="SetProfileSkills" fullname="PureCloudPlatform.Client.Internal.V2.Tests.SdkTests.SetProfileSkills" methodname="SetProfileSkills" classname="PureCloudPlatform.Client.Internal.V2.Tests.SdkTests" runstate="Runnable" seed="1057088601" result="Passed" start-time="2024-01-08 11:00:52Z" end-time="2024-01-08 11:00:53Z" duration="0.308098" asserts="2">
                  <properties>
                    <property name="Order" value="4" />
                  </properties>
                  <output><![CDATA[CorrelationId for PutUserProfileskillsWithHttpInfo a6a242ca-c750-459e-ad09-a0ab34239c8c
]]></output>
                </test-case>
                <test-case id="0-1045" name="GetUser" fullname="PureCloudPlatform.Client.Internal.V2.Tests.SdkTests.GetUser" methodname="GetUser" classname="PureCloudPlatform.Client.Internal.V2.Tests.SdkTests" runstate="Runnable" seed="852438360" result="Passed" start-time="2024-01-08 11:00:53Z" end-time="2024-01-08 11:00:59Z" duration="6.254881" asserts="4">
                  <properties>
                    <property name="Retry" value="2" />
                    <property name="Order" value="6" />
                  </properties>
                  <output><![CDATA[CorrelationId for GetUserWithHttpInfo b9f0133b-027f-4fc7-8851-287f35200918
Version for GetUserWithHttpInfo 3
]]></output>
                </test-case>
                <test-case id="0-1046" name="DeleteUserWithProxy" fullname="PureCloudPlatform.Client.Internal.V2.Tests.SdkTests.DeleteUserWithProxy" methodname="DeleteUserWithProxy" classname="PureCloudPlatform.Client.Internal.V2.Tests.SdkTests" runstate="Runnable" seed="1526614071" result="Passed" start-time="2024-01-08 11:00:59Z" end-time="2024-01-08 11:01:00Z" duration="0.624068" asserts="0">
                  <properties>
                    <property name="Order" value="7" />
                  </properties>
                </test-case>
              </test-suite>
              <test-suite type="TestFixture" id="0-1000" name="UpgradeSdkEnumConverterTests" fullname="PureCloudPlatform.Client.Internal.V2.Tests.UpgradeSdkEnumConverterTests" classname="PureCloudPlatform.Client.Internal.V2.Tests.UpgradeSdkEnumConverterTests" runstate="Runnable" testcasecount="20" result="Passed" start-time="2024-01-08 11:01:00Z" end-time="2024-01-08 11:01:00Z" duration="0.027629" total="20" passed="20" failed="0" warnings="0" inconclusive="0" skipped="0" asserts="20">
                <test-suite type="ParameterizedMethod" id="0-1005" name="TestReadInt32" fullname="PureCloudPlatform.Client.Internal.V2.Tests.UpgradeSdkEnumConverterTests.TestReadInt32" classname="PureCloudPlatform.Client.Internal.V2.Tests.UpgradeSdkEnumConverterTests" runstate="Runnable" testcasecount="4" result="Passed" start-time="2024-01-08 11:01:00Z" end-time="2024-01-08 11:01:00Z" duration="0.016565" total="4" passed="4" failed="0" warnings="0" inconclusive="0" skipped="0" asserts="4">
                  <test-case id="0-1001" name="TestReadInt32(0)" fullname="PureCloudPlatform.Client.Internal.V2.Tests.UpgradeSdkEnumConverterTests.TestReadInt32(0)" methodname="TestReadInt32" classname="PureCloudPlatform.Client.Internal.V2.Tests.UpgradeSdkEnumConverterTests" runstate="Runnable" seed="386261894" result="Passed" start-time="2024-01-08 11:01:00Z" end-time="2024-01-08 11:01:00Z" duration="0.013680" asserts="1" />
                  <test-case id="0-1002" name="TestReadInt32(1)" fullname="PureCloudPlatform.Client.Internal.V2.Tests.UpgradeSdkEnumConverterTests.TestReadInt32(1)" methodname="TestReadInt32" classname="PureCloudPlatform.Client.Internal.V2.Tests.UpgradeSdkEnumConverterTests" runstate="Runnable" seed="593901405" result="Passed" start-time="2024-01-08 11:01:00Z" end-time="2024-01-08 11:01:00Z" duration="0.001638" asserts="1" />
                  <test-case id="0-1003" name="TestReadInt32(256)" fullname="PureCloudPlatform.Client.Internal.V2.Tests.UpgradeSdkEnumConverterTests.TestReadInt32(256)" methodname="TestReadInt32" classname="PureCloudPlatform.Client.Internal.V2.Tests.UpgradeSdkEnumConverterTests" runstate="Runnable" seed="1500653329" result="Passed" start-time="2024-01-08 11:01:00Z" end-time="2024-01-08 11:01:00Z" duration="0.000314" asserts="1" />
                  <test-case id="0-1004" name="TestReadInt32(-1)" fullname="PureCloudPlatform.Client.Internal.V2.Tests.UpgradeSdkEnumConverterTests.TestReadInt32(-1)" methodname="TestReadInt32" classname="PureCloudPlatform.Client.Internal.V2.Tests.UpgradeSdkEnumConverterTests" runstate="Runnable" seed="2062462189" result="Passed" start-time="2024-01-08 11:01:00Z" end-time="2024-01-08 11:01:00Z" duration="0.000217" asserts="1" />
                </test-suite>
                <test-suite type="ParameterizedMethod" id="0-1013" name="TestReadString" fullname="PureCloudPlatform.Client.Internal.V2.Tests.UpgradeSdkEnumConverterTests.TestReadString" classname="PureCloudPlatform.Client.Internal.V2.Tests.UpgradeSdkEnumConverterTests" runstate="Runnable" testcasecount="7" result="Passed" start-time="2024-01-08 11:01:00Z" end-time="2024-01-08 11:01:00Z" duration="0.002451" total="7" passed="7" failed="0" warnings="0" inconclusive="0" skipped="0" asserts="7">
                  <test-case id="0-1006" name="TestReadString(&quot;alerting&quot;)" fullname="PureCloudPlatform.Client.Internal.V2.Tests.UpgradeSdkEnumConverterTests.TestReadString(&quot;alerting&quot;)" methodname="TestReadString" classname="PureCloudPlatform.Client.Internal.V2.Tests.UpgradeSdkEnumConverterTests" runstate="Runnable" seed="2062167322" result="Passed" start-time="2024-01-08 11:01:00Z" end-time="2024-01-08 11:01:00Z" duration="0.001260" asserts="1" />
                  <test-case id="0-1007" name="TestReadString(&quot;AlErTiNg&quot;)" fullname="PureCloudPlatform.Client.Internal.V2.Tests.UpgradeSdkEnumConverterTests.TestReadString(&quot;AlErTiNg&quot;)" methodname="TestReadString" classname="PureCloudPlatform.Client.Internal.V2.Tests.UpgradeSdkEnumConverterTests" runstate="Runnable" seed="484369028" result="Passed" start-time="2024-01-08 11:01:00Z" end-time="2024-01-08 11:01:00Z" duration="0.000339" asserts="1" />
                  <test-case id="0-1008" name="TestReadString(&quot;delivery-success&quot;)" fullname="PureCloudPlatform.Client.Internal.V2.Tests.UpgradeSdkEnumConverterTests.TestReadString(&quot;delivery-success&quot;)" methodname="TestReadString" classname="PureCloudPlatform.Client.Internal.V2.Tests.UpgradeSdkEnumConverterTests" runstate="Runnable" seed="539099271" result="Passed" start-time="2024-01-08 11:01:00Z" end-time="2024-01-08 11:01:00Z" duration="0.000144" asserts="1" />
                  <test-case id="0-1009" name="TestReadString(&quot;Deliverysuccess&quot;)" fullname="PureCloudPlatform.Client.Internal.V2.Tests.UpgradeSdkEnumConverterTests.TestReadString(&quot;Deliverysuccess&quot;)" methodname="TestReadString" classname="PureCloudPlatform.Client.Internal.V2.Tests.UpgradeSdkEnumConverterTests" runstate="Runnable" seed="1574284651" result="Passed" start-time="2024-01-08 11:01:00Z" end-time="2024-01-08 11:01:00Z" duration="0.000139" asserts="1" />
                  <test-case id="0-1010" name="TestReadString(&quot;OUTDATED_SDK_VERSION&quot;)" fullname="PureCloudPlatform.Client.Internal.V2.Tests.UpgradeSdkEnumConverterTests.TestReadString(&quot;OUTDATED_SDK_VERSION&quot;)" methodname="TestReadString" classname="PureCloudPlatform.Client.Internal.V2.Tests.UpgradeSdkEnumConverterTests" runstate="Runnable" seed="1940233074" result="Passed" start-time="2024-01-08 11:01:00Z" end-time="2024-01-08 11:01:00Z" duration="0.000136" asserts="1" />
                  <test-case id="0-1011" name="TestReadString(&quot;foo&quot;)" fullname="PureCloudPlatform.Client.Internal.V2.Tests.UpgradeSdkEnumConverterTests.TestReadString(&quot;foo&quot;)" methodname="TestReadString" classname="PureCloudPlatform.Client.Internal.V2.Tests.UpgradeSdkEnumConverterTests" runstate="Runnable" seed="2072929588" result="Passed" start-time="2024-01-08 11:01:00Z" end-time="2024-01-08 11:01:00Z" duration="0.000134" asserts="1" />
                  <test-case id="0-1012" name="TestReadString(&quot;&quot;)" fullname="PureCloudPlatform.Client.Internal.V2.Tests.UpgradeSdkEnumConverterTests.TestReadString(&quot;&quot;)" methodname="TestReadString" classname="PureCloudPlatform.Client.Internal.V2.Tests.UpgradeSdkEnumConverterTests" runstate="Runnable" seed="2003403236" result="Passed" start-time="2024-01-08 11:01:00Z" end-time="2024-01-08 11:01:00Z" duration="0.000133" asserts="1" />
                </test-suite>
                <test-suite type="ParameterizedMethod" id="0-1017" name="TestReadStringNullable" fullname="PureCloudPlatform.Client.Internal.V2.Tests.UpgradeSdkEnumConverterTests.TestReadStringNullable" classname="PureCloudPlatform.Client.Internal.V2.Tests.UpgradeSdkEnumConverterTests" runstate="Runnable" testcasecount="3" result="Passed" start-time="2024-01-08 11:01:00Z" end-time="2024-01-08 11:01:00Z" duration="0.002945" total="3" passed="3" failed="0" warnings="0" inconclusive="0" skipped="0" asserts="3">
                  <test-case id="0-1014" name="TestReadStringNullable(&quot;alerting&quot;)" fullname="PureCloudPlatform.Client.Internal.V2.Tests.UpgradeSdkEnumConverterTests.TestReadStringNullable(&quot;alerting&quot;)" methodname="TestReadStringNullable" classname="PureCloudPlatform.Client.Internal.V2.Tests.UpgradeSdkEnumConverterTests" runstate="Runnable" seed="781203719" result="Passed" start-time="2024-01-08 11:01:00Z" end-time="2024-01-08 11:01:00Z" duration="0.001778" asserts="1" />
                  <test-case id="0-1015" name="TestReadStringNullable(&quot;&quot;)" fullname="PureCloudPlatform.Client.Internal.V2.Tests.UpgradeSdkEnumConverterTests.TestReadStringNullable(&quot;&quot;)" methodname="TestReadStringNullable" classname="PureCloudPlatform.Client.Internal.V2.Tests.UpgradeSdkEnumConverterTests" runstate="Runnable" seed="1848964047" result="Passed" start-time="2024-01-08 11:01:00Z" end-time="2024-01-08 11:01:00Z" duration="0.000210" asserts="1" />
                  <test-case id="0-1016" name="TestReadStringNullable(null)" fullname="PureCloudPlatform.Client.Internal.V2.Tests.UpgradeSdkEnumConverterTests.TestReadStringNullable(null)" methodname="TestReadStringNullable" classname="PureCloudPlatform.Client.Internal.V2.Tests.UpgradeSdkEnumConverterTests" runstate="Runnable" seed="728749038" result="Passed" start-time="2024-01-08 11:01:00Z" end-time="2024-01-08 11:01:00Z" duration="0.000822" asserts="1" />
                </test-suite>
                <test-suite type="ParameterizedMethod" id="0-1021" name="TestWrite" fullname="PureCloudPlatform.Client.Internal.V2.Tests.UpgradeSdkEnumConverterTests.TestWrite" classname="PureCloudPlatform.Client.Internal.V2.Tests.UpgradeSdkEnumConverterTests" runstate="Runnable" testcasecount="3" result="Passed" start-time="2024-01-08 11:01:00Z" end-time="2024-01-08 11:01:00Z" duration="0.003027" total="3" passed="3" failed="0" warnings="0" inconclusive="0" skipped="0" asserts="3">
                  <test-case id="0-1018" name="TestWrite(Deliverysuccess)" fullname="PureCloudPlatform.Client.Internal.V2.Tests.UpgradeSdkEnumConverterTests.TestWrite(Deliverysuccess)" methodname="TestWrite" classname="PureCloudPlatform.Client.Internal.V2.Tests.UpgradeSdkEnumConverterTests" runstate="Runnable" seed="1129321146" result="Passed" start-time="2024-01-08 11:01:00Z" end-time="2024-01-08 11:01:00Z" duration="0.002463" asserts="1" />
                  <test-case id="0-1019" name="TestWrite(OutdatedSdkVersion)" fullname="PureCloudPlatform.Client.Internal.V2.Tests.UpgradeSdkEnumConverterTests.TestWrite(OutdatedSdkVersion)" methodname="TestWrite" classname="PureCloudPlatform.Client.Internal.V2.Tests.UpgradeSdkEnumConverterTests" runstate="Runnable" seed="149439012" result="Passed" start-time="2024-01-08 11:01:00Z" end-time="2024-01-08 11:01:00Z" duration="0.000272" asserts="1" />
                  <test-case id="0-1020" name="TestWrite(256)" fullname="PureCloudPlatform.Client.Internal.V2.Tests.UpgradeSdkEnumConverterTests.TestWrite(256)" methodname="TestWrite" classname="PureCloudPlatform.Client.Internal.V2.Tests.UpgradeSdkEnumConverterTests" runstate="Runnable" seed="1801264058" result="Passed" start-time="2024-01-08 11:01:00Z" end-time="2024-01-08 11:01:00Z" duration="0.000198" asserts="1" />
                </test-suite>
                <test-suite type="ParameterizedMethod" id="0-1025" name="TestWriteNullable" fullname="PureCloudPlatform.Client.Internal.V2.Tests.UpgradeSdkEnumConverterTests.TestWriteNullable" classname="PureCloudPlatform.Client.Internal.V2.Tests.UpgradeSdkEnumConverterTests" runstate="Runnable" testcasecount="3" result="Passed" start-time="2024-01-08 11:01:00Z" end-time="2024-01-08 11:01:00Z" duration="0.001410" total="3" passed="3" failed="0" warnings="0" inconclusive="0" skipped="0" asserts="3">
                  <test-case id="0-1022" name="TestWriteNullable(Deliverysuccess)" fullname="PureCloudPlatform.Client.Internal.V2.Tests.UpgradeSdkEnumConverterTests.TestWriteNullable(Deliverysuccess)" methodname="TestWriteNullable" classname="PureCloudPlatform.Client.Internal.V2.Tests.UpgradeSdkEnumConverterTests" runstate="Runnable" seed="1925950705" result="Passed" start-time="2024-01-08 11:01:00Z" end-time="2024-01-08 11:01:00Z" duration="0.000865" asserts="1" />
                  <test-case id="0-1023" name="TestWriteNullable(OutdatedSdkVersion)" fullname="PureCloudPlatform.Client.Internal.V2.Tests.UpgradeSdkEnumConverterTests.TestWriteNullable(OutdatedSdkVersion)" methodname="TestWriteNullable" classname="PureCloudPlatform.Client.Internal.V2.Tests.UpgradeSdkEnumConverterTests" runstate="Runnable" seed="4009569" result="Passed" start-time="2024-01-08 11:01:00Z" end-time="2024-01-08 11:01:00Z" duration="0.000161" asserts="1" />
                  <test-case id="0-1024" name="TestWriteNullable(null)" fullname="PureCloudPlatform.Client.Internal.V2.Tests.UpgradeSdkEnumConverterTests.TestWriteNullable(null)" methodname="TestWriteNullable" classname="PureCloudPlatform.Client.Internal.V2.Tests.UpgradeSdkEnumConverterTests" runstate="Runnable" seed="1798031587" result="Passed" start-time="2024-01-08 11:01:00Z" end-time="2024-01-08 11:01:00Z" duration="0.000304" asserts="1" />
                </test-suite>
              </test-suite>
            </test-suite>
          </test-suite>
        </test-suite>
      </test-suite>
    </test-suite>
  </test-suite>
</test-run>